1595801062501	mozrunner::runner	INFO	Running command: "C:\\Program Files\\Mozilla Firefox\\firefox.exe" "-marionette" "-foreground" "-no-remote" "-profile" "C:\\Users\\apana\\AppData\\Local\\Temp\\rust_mozprofiledkIeKg"
JavaScript error: resource://gre/modules/XULStore.jsm, line 66: Error: Can't find profile directory.
1595801067061	Marionette	INFO	Listening on port 53146
1595801067271	Marionette	WARN	TLS certificate errors will be ignored for this session
1595801077359	Marionette	INFO	Stopped listening on port 53146

###!!! [Child][RunMessage] Error: Channel closing: too late to send/recv, messages will be lost


###!!! [Child][MessageChannel::SendAndWait] Error: Channel error: cannot send/recv

1595801138443	mozrunner::runner	INFO	Running command: "C:\\Program Files\\Mozilla Firefox\\firefox.exe" "-marionette" "-foreground" "-no-remote" "-profile" "C:\\Users\\apana\\AppData\\Local\\Temp\\rust_mozprofileXTH5b5"
JavaScript error: resource://gre/modules/XULStore.jsm, line 66: Error: Can't find profile directory.
console.warn: services.settings: main/cfr sync interrupted by shutdown
console.error: services.settings: 
  main/messaging-experiments Signature failed  TypeError: NetworkError when attempting to fetch resource.

###!!! [Child][MessageChannel::SendAndWait] Error: Channel error: cannot send/recv

1595801389371	mozrunner::runner	INFO	Running command: "C:\\Program Files\\Mozilla Firefox\\firefox.exe" "-marionette" "-foreground" "-no-remote" "-profile" "C:\\Users\\apana\\AppData\\Local\\Temp\\rust_mozprofileskqqQt"
JavaScript error: resource://gre/modules/XULStore.jsm, line 66: Error: Can't find profile directory.
1595801394567	Marionette	INFO	Listening on port 53262
1595801394626	Marionette	WARN	TLS certificate errors will be ignored for this session
1595801403684	Marionette	INFO	Stopped listening on port 53262

###!!! [Child][RunMessage] Error: Channel closing: too late to send/recv, messages will be lost


###!!! [Child][MessageChannel::SendAndWait] Error: Channel error: cannot send/recv

1595801409046	mozrunner::runner	INFO	Running command: "C:\\Program Files\\Mozilla Firefox\\firefox.exe" "-marionette" "-foreground" "-no-remote" "-profile" "C:\\Users\\apana\\AppData\\Local\\Temp\\rust_mozprofileAAOQfT"
JavaScript error: resource://gre/modules/XULStore.jsm, line 66: Error: Can't find profile directory.
1595801414368	Marionette	INFO	Listening on port 53314
1595801414827	Marionette	WARN	TLS certificate errors will be ignored for this session
1595801455183	Marionette	INFO	Stopped listening on port 53314

###!!! [Child][RunMessage] Error: Channel closing: too late to send/recv, messages will be lost


###!!! [Child][MessageChannel::SendAndWait] Error: Channel error: cannot send/recv

1595801662974	mozrunner::runner	INFO	Running command: "C:\\Program Files\\Mozilla Firefox\\firefox.exe" "-marionette" "-foreground" "-no-remote" "-profile" "C:\\Users\\apana\\AppData\\Local\\Temp\\rust_mozprofileSjFgoz"
JavaScript error: resource://gre/modules/XULStore.jsm, line 66: Error: Can't find profile directory.
1595801667376	Marionette	INFO	Listening on port 53403
1595801667724	Marionette	WARN	TLS certificate errors will be ignored for this session
1595801672737	Marionette	INFO	Stopped listening on port 53403

###!!! [Child][RunMessage] Error: Channel closing: too late to send/recv, messages will be lost


###!!! [Child][MessageChannel::SendAndWait] Error: Channel error: cannot send/recv

1595803895821	mozrunner::runner	INFO	Running command: "C:\\Program Files\\Mozilla Firefox\\firefox.exe" "-marionette" "-foreground" "-no-remote" "-profile" "C:\\Users\\apana\\AppData\\Local\\Temp\\rust_mozprofilecJIomG"
JavaScript error: resource://gre/modules/XULStore.jsm, line 66: Error: Can't find profile directory.
1595803900784	Marionette	INFO	Listening on port 53764
1595803901098	Marionette	WARN	TLS certificate errors will be ignored for this session
1595804114794	Marionette	INFO	Stopped listening on port 53764

###!!! [Child][MessageChannel::SendAndWait] Error: Channel error: cannot send/recv

ile" "C:\\Users\\apana\\AppData\\Local\\Temp\\rust_mozprofileuk2Gid"
JavaScript error: resource://gre/modules/XULStore.jsm, line 66: Error: Can't find profile directory.
1595803951763	Marionette	INFO	Listening on port 53839
1595803951838	Marionette	WARN	TLS certificate errors will be ignored for this session
1595803991249	Marionette	INFO	Stopped listening on port 53839

###!!! [Child][RunMessage] Error: Channel closing: too late to send/recv, messages will be lost


###!!! [Child][MessageChannel::SendAndWait] Error: Channel error: cannot send/recv

/modules/XULStore.jsm, line 66: Error: Can't find profile directory.
1595803991494	Marionette	INFO	Listening on port 53895
1595803991753	Marionette	WARN	TLS certificate errors will be ignored for this session
1595804003928	Marionette	INFO	Stopped listening on port 53895

###!!! [Child][RunMessage] Error: Channel closing: too late to send/recv, messages will be lost


###!!! [Child][MessageChannel::SendAndWait] Error: Channel error: cannot send/recv

1595804130048	mozrunner::runner	INFO	Running command: "C:\\Program Files\\Mozilla Firefox\\firefox.exe" "-marionette" "-foreground" "-no-remote" "-profile" "C:\\Users\\apana\\AppData\\Local\\Temp\\rust_mozprofileEb1CG3"
JavaScript error: resource://gre/modules/XULStore.jsm, line 66: Error: Can't find profile directory.
1595804134626	Marionette	INFO	Listening on port 53958
1595804134794	Marionette	WARN	TLS certificate errors will be ignored for this session
1595804153068	Marionette	INFO	Stopped listening on port 53958

###!!! [Child][RunMessage] Error: Channel closing: too late to send/recv, messages will be lost


###!!! [Child][MessageChannel::SendAndWait] Error: Channel error: cannot send/recv

1595858912165	mozrunner::runner	INFO	Running command: "C:\\Program Files\\Mozilla Firefox\\firefox.exe" "-marionette" "-foreground" "-no-remote" "-profile" "C:\\Users\\apana\\AppData\\Local\\Temp\\rust_mozprofilerDpRFJ"
JavaScript error: resource://gre/modules/XULStore.jsm, line 66: Error: Can't find profile directory.
1595858915970	Marionette	INFO	Listening on port 57390
1595858916552	Marionette	WARN	TLS certificate errors will be ignored for this session
1595858917436	Marionette	INFO	Stopped listening on port 57390
JavaScript error: resource://gre/modules/UrlClassifierListManager.jsm, line 691: TypeError: this.tablesData[table] is undefined

###!!! [Child][RunMessage] Error: Channel closing: too late to send/recv, messages will be lost


###!!! [Child][MessageChannel::SendAndWait] Error: Channel error: cannot send/recv

1595887740766	mozrunner::runner	INFO	Running command: "C:\\Program Files\\Mozilla Firefox\\firefox.exe" "-marionette" "-foreground" "-no-remote" "-profile" "C:\\Users\\apana\\AppData\\Local\\Temp\\rust_mozprofiledJ6Zqi"
JavaScript error: resource://gre/modules/XULStore.jsm, line 66: Error: Can't find profile directory.
1595887744679	Marionette	INFO	Listening on port 59466
1595887744923	Marionette	WARN	TLS certificate errors will be ignored for this session
1595887745188	Marionette	INFO	Stopped listening on port 59466
[Parent 24804, Gecko_IOThread] WARNING: file /builds/worker/checkouts/gecko/ipc/chromium/src/base/process_util_win.cc, line 166

###!!! [Child][RunMessage] Error: Channel closing: too late to send/recv, messages will be lost


###!!! [Child][MessageChannel::SendAndWait] Error: Channel error: cannot send/recv

1598720860584	mozrunner::runner	INFO	Running command: "C:\\Program Files\\Mozilla Firefox\\firefox.exe" "-marionette" "-foreground" "-no-remote" "-profile" "C:\\Users\\apana\\AppData\\Local\\Temp\\rust_mozprofileiM1100"
JavaScript error: resource://gre/modules/XULStore.jsm, line 66: Error: Can't find profile directory.
1598720864086	Marionette	INFO	Listening on port 52589
1598720864274	Marionette	WARN	TLS certificate errors will be ignored for this session
1598720868718	Marionette	INFO	Stopped listening on port 52589

###!!! [Child][RunMessage] Error: Channel closing: too late to send/recv, messages will be lost


###!!! [Child][MessageChannel::SendAndWait] Error: Channel error: cannot send/recv

1598720878631	mozrunner::runner	INFO	Running command: "C:\\Program Files\\Mozilla Firefox\\firefox.exe" "-marionette" "-foreground" "-no-remote" "-profile" "C:\\Users\\apana\\AppData\\Local\\Temp\\rust_mozprofile24wL5Y"
JavaScript error: resource://gre/modules/XULStore.jsm, line 66: Error: Can't find profile directory.
1598720881215	Marionette	INFO	Listening on port 52658
1598720881301	Marionette	WARN	TLS certificate errors will be ignored for this session
1598720881664	Marionette	INFO	Stopped listening on port 52658

###!!! [Child][RunMessage] Error: Channel closing: too late to send/recv, messages will be lost


###!!! [Child][MessageChannel::SendAndWait] Error: Channel error: cannot send/recv

1598720898039	mozrunner::runner	INFO	Running command: "C:\\Program Files\\Mozilla Firefox\\firefox.exe" "-marionette" "-foreground" "-no-remote" "-profile" "C:\\Users\\apana\\AppData\\Local\\Temp\\rust_mozprofiletddt91"
JavaScript error: resource://gre/modules/XULStore.jsm, line 66: Error: Can't find profile directory.
1598720900778	Marionette	INFO	Listening on port 52727
1598720901211	Marionette	WARN	TLS certificate errors will be ignored for this session
1598720901406	Marionette	INFO	Stopped listening on port 52727
JavaScript error: resource://gre/modules/UrlClassifierListManager.jsm, line 691: TypeError: this.tablesData[table] is undefined

###!!! [Child][RunMessage] Error: Channel closing: too late to send/recv, messages will be lost


###!!! [Child][MessageChannel::SendAndWait] Error: Channel error: cannot send/recv

